# JRE version: Java(TM) SE Runtime Environment (8.0_111-b14) (build 1.8.0_111-b14)
# Java VM: Java HotSpot(TM) 64-Bit Server VM (25.111-b14 mixed mode linux-amd64 compressed oops)
Heap:
 PSYoungGen      total 131072K, used 8185K [0x00000000ec000000, 0x00000000f4800000, 0x0000000100000000)
  eden space 122880K, 0% used [0x00000000ec000000,0x00000000ec000000,0x00000000f3800000)
  from space 8192K, 99% used [0x00000000f3800000,0x00000000f3ffe4f8,0x00000000f4000000)
  to   space 7680K, 0% used [0x00000000f4080000,0x00000000f4080000,0x00000000f4800000)
 ParOldGen       total 30720K, used 9954K [0x00000000c4000000, 0x00000000c5e00000, 0x00000000ec000000)
  object space 30720K, 32% used [0x00000000c4000000,0x00000000c49b8848,0x00000000c5e00000)
 Metaspace       used 35007K, capacity 35316K, committed 35496K, reserved 1079296K
  class space    used 4699K, capacity 4775K, committed 4784K, reserved 1048576K
GC Heap History (10 events):
Event: 2.041 GC heap after
Heap after GC invocations=3 (full 0):
 PSYoungGen      total 33280K, used 2544K [0x00000000ec000000, 0x00000000f0100000, 0x0000000100000000)
  eden space 30720K, 0% used [0x00000000ec000000,0x00000000ec000000,0x00000000ede00000)
  from space 2560K, 99% used [0x00000000ede00000,0x00000000ee07c010,0x00000000ee080000)
  to   space 2560K, 0% used [0x00000000efe80000,0x00000000efe80000,0x00000000f0100000)
 ParOldGen       total 40960K, used 3473K [0x00000000c4000000, 0x00000000c6800000, 0x00000000ec000000)
  object space 40960K, 8% used [0x00000000c4000000,0x00000000c4364618,0x00000000c6800000)
 Metaspace       used 12009K, capacity 12240K, committed 12544K, reserved 1060864K
  class space    used 1665K, capacity 1730K, committed 1792K, reserved 1048576K
}
Event: 2.930 GC heap before
{Heap before GC invocations=4 (full 0):
 PSYoungGen      total 33280K, used 33264K [0x00000000ec000000, 0x00000000f0100000, 0x0000000100000000)
  eden space 30720K, 100% used [0x00000000ec000000,0x00000000ede00000,0x00000000ede00000)
  from space 2560K, 99% used [0x00000000ede00000,0x00000000ee07c010,0x00000000ee080000)
  to   space 2560K, 0% used [0x00000000efe80000,0x00000000efe80000,0x00000000f0100000)
 ParOldGen       total 40960K, used 3473K [0x00000000c4000000, 0x00000000c6800000, 0x00000000ec000000)
  object space 40960K, 8% used [0x00000000c4000000,0x00000000c4364618,0x00000000c6800000)
 Metaspace       used 14765K, capacity 14992K, committed 15360K, reserved 1062912K
  class space    used 2125K, capacity 2178K, committed 2304K, reserved 1048576K
Event: 2.948 GC heap after
Heap after GC invocations=4 (full 0):
 PSYoungGen      total 64000K, used 2544K [0x00000000ec000000, 0x00000000f0100000, 0x0000000100000000)
  eden space 61440K, 0% used [0x00000000ec000000,0x00000000ec000000,0x00000000efc00000)
  from space 2560K, 99% used [0x00000000efe80000,0x00000000f00fc010,0x00000000f0100000)
  to   space 2560K, 0% used [0x00000000efc00000,0x00000000efc00000,0x00000000efe80000)
 ParOldGen       total 40960K, used 6000K [0x00000000c4000000, 0x00000000c6800000, 0x00000000ec000000)
  object space 40960K, 14% used [0x00000000c4000000,0x00000000c45dc190,0x00000000c6800000)
 Metaspace       used 14765K, capacity 14992K, committed 15360K, reserved 1062912K
  class space    used 2125K, capacity 2178K, committed 2304K, reserved 1048576K
}
Event: 4.460 GC heap before
{Heap before GC invocations=5 (full 0):
 PSYoungGen      total 64000K, used 63984K [0x00000000ec000000, 0x00000000f0100000, 0x0000000100000000)
  eden space 61440K, 100% used [0x00000000ec000000,0x00000000efc00000,0x00000000efc00000)
  from space 2560K, 99% used [0x00000000efe80000,0x00000000f00fc010,0x00000000f0100000)
  to   space 2560K, 0% used [0x00000000efc00000,0x00000000efc00000,0x00000000efe80000)
 ParOldGen       total 40960K, used 6000K [0x00000000c4000000, 0x00000000c6800000, 0x00000000ec000000)
  object space 40960K, 14% used [0x00000000c4000000,0x00000000c45dc190,0x00000000c6800000)
 Metaspace       used 20124K, capacity 20334K, committed 20736K, reserved 1067008K
  class space    used 2861K, capacity 2951K, committed 3072K, reserved 1048576K
Event: 4.474 GC heap after
Heap after GC invocations=5 (full 0):
 PSYoungGen      total 64000K, used 2554K [0x00000000ec000000, 0x00000000f4900000, 0x0000000100000000)
  eden space 61440K, 0% used [0x00000000ec000000,0x00000000ec000000,0x00000000efc00000)
  from space 2560K, 99% used [0x00000000efc00000,0x00000000efe7e900,0x00000000efe80000)
  to   space 8704K, 0% used [0x00000000f4080000,0x00000000f4080000,0x00000000f4900000)
 ParOldGen       total 40960K, used 11413K [0x00000000c4000000, 0x00000000c6800000, 0x00000000ec000000)
  object space 40960K, 27% used [0x00000000c4000000,0x00000000c4b25400,0x00000000c6800000)
 Metaspace       used 20124K, capacity 20334K, committed 20736K, reserved 1067008K
  class space    used 2861K, capacity 2951K, committed 3072K, reserved 1048576K
}
Event: 4.928 GC heap before
{Heap before GC invocations=6 (full 0):
 PSYoungGen      total 64000K, used 11523K [0x00000000ec000000, 0x00000000f4900000, 0x0000000100000000)
  eden space 61440K, 14% used [0x00000000ec000000,0x00000000ec8c2330,0x00000000efc00000)
  from space 2560K, 99% used [0x00000000efc00000,0x00000000efe7e900,0x00000000efe80000)
  to   space 8704K, 0% used [0x00000000f4080000,0x00000000f4080000,0x00000000f4900000)
 ParOldGen       total 40960K, used 11413K [0x00000000c4000000, 0x00000000c6800000, 0x00000000ec000000)
  object space 40960K, 27% used [0x00000000c4000000,0x00000000c4b25400,0x00000000c6800000)
 Metaspace       used 20983K, capacity 21166K, committed 21296K, reserved 1067008K
  class space    used 3004K, capacity 3079K, committed 3120K, reserved 1048576K
Event: 4.937 GC heap after
Heap after GC invocations=6 (full 0):
 PSYoungGen      total 130560K, used 3377K [0x00000000ec000000, 0x00000000f4800000, 0x0000000100000000)
  eden space 122880K, 0% used [0x00000000ec000000,0x00000000ec000000,0x00000000f3800000)
  from space 7680K, 43% used [0x00000000f4080000,0x00000000f43cc778,0x00000000f4800000)
  to   space 8192K, 0% used [0x00000000f3800000,0x00000000f3800000,0x00000000f4000000)
 ParOldGen       total 40960K, used 11421K [0x00000000c4000000, 0x00000000c6800000, 0x00000000ec000000)
  object space 40960K, 27% used [0x00000000c4000000,0x00000000c4b27400,0x00000000c6800000)
 Metaspace       used 20983K, capacity 21166K, committed 21296K, reserved 1067008K
  class space    used 3004K, capacity 3079K, committed 3120K, reserved 1048576K
}
Event: 4.937 GC heap before
{Heap before GC invocations=7 (full 1):
 PSYoungGen      total 130560K, used 3377K [0x00000000ec000000, 0x00000000f4800000, 0x0000000100000000)
  eden space 122880K, 0% used [0x00000000ec000000,0x00000000ec000000,0x00000000f3800000)
  from space 7680K, 43% used [0x00000000f4080000,0x00000000f43cc778,0x00000000f4800000)
  to   space 8192K, 0% used [0x00000000f3800000,0x00000000f3800000,0x00000000f4000000)
 ParOldGen       total 40960K, used 11421K [0x00000000c4000000, 0x00000000c6800000, 0x00000000ec000000)
  object space 40960K, 27% used [0x00000000c4000000,0x00000000c4b27400,0x00000000c6800000)
 Metaspace       used 20983K, capacity 21166K, committed 21296K, reserved 1067008K
  class space    used 3004K, capacity 3079K, committed 3120K, reserved 1048576K
Event: 4.989 GC heap after
Heap after GC invocations=7 (full 1):
 PSYoungGen      total 130560K, used 0K [0x00000000ec000000, 0x00000000f4800000, 0x0000000100000000)
  eden space 122880K, 0% used [0x00000000ec000000,0x00000000ec000000,0x00000000f3800000)
  from space 7680K, 0% used [0x00000000f4080000,0x00000000f4080000,0x00000000f4800000)
  to   space 8192K, 0% used [0x00000000f3800000,0x00000000f3800000,0x00000000f4000000)
 ParOldGen       total 30720K, used 5012K [0x00000000c4000000, 0x00000000c5e00000, 0x00000000ec000000)
  object space 30720K, 16% used [0x00000000c4000000,0x00000000c44e5340,0x00000000c5e00000)
 Metaspace       used 20983K, capacity 21166K, committed 21296K, reserved 1067008K
  class space    used 3004K, capacity 3079K, committed 3120K, reserved 1048576K
}
Event: 8.201 GC heap before
{Heap before GC invocations=8 (full 1):
 PSYoungGen      total 130560K, used 122762K [0x00000000ec000000, 0x00000000f4800000, 0x0000000100000000)
  eden space 122880K, 99% used [0x00000000ec000000,0x00000000f37e2bc0,0x00000000f3800000)
  from space 7680K, 0% used [0x00000000f4080000,0x00000000f4080000,0x00000000f4800000)
  to   space 8192K, 0% used [0x00000000f3800000,0x00000000f3800000,0x00000000f4000000)
 ParOldGen       total 30720K, used 5012K [0x00000000c4000000, 0x00000000c5e00000, 0x00000000ec000000)
  object space 30720K, 16% used [0x00000000c4000000,0x00000000c44e5340,0x00000000c5e00000)
 Metaspace       used 35007K, capacity 35316K, committed 35496K, reserved 1079296K
  class space    used 4699K, capacity 4775K, committed 4784K, reserved 1048576K

